<?xml version="1.0" encoding="UTF-8"?>
<!-- Generated by org.testng.reporters.JUnitReportReporter -->
<testsuite hostname="DESKTOP-2MM0VI7" failures="0" tests="1" name="TestScripts.RunAppBackGround" time="47.429" errors="0" timestamp="2021-10-27T20:37:33 IST" skipped="0">
  <testcase classname="TestScripts.RunAppBackGround" name="RunAppBackGround" time="47.429"/>
  <system-out/>
</testsuite> <!-- TestScripts.RunAppBackGround -->
