<?xml version="1.0" encoding="UTF-8"?>
<!-- Generated by org.testng.reporters.JUnitReportReporter -->
<testsuite hostname="DESKTOP-2MM0VI7" failures="0" tests="1" name="TestScripts.ApiDemosDragandDrop" time="29.823" errors="0" timestamp="2021-10-26T16:36:27 IST" skipped="0">
  <testcase classname="TestScripts.ApiDemosDragandDrop" name="AppDemo" time="29.823"/>
  <system-out/>
</testsuite> <!-- TestScripts.ApiDemosDragandDrop -->
