<?xml version="1.0" encoding="UTF-8"?>
<!-- Generated by org.testng.reporters.JUnitReportReporter -->
<testsuite hostname="DESKTOP-2MM0VI7" failures="0" tests="1" name="jdbc.ReadingDataFromXML" time="0.008" errors="0" timestamp="2021-11-03T16:54:28 IST" skipped="0">
  <testcase classname="jdbc.ReadingDataFromXML" name="org" time="0.008"/>
  <system-out/>
</testsuite> <!-- jdbc.ReadingDataFromXML -->
