<?xml version="1.0" encoding="UTF-8"?>
<!-- Generated by org.testng.reporters.JUnitReportReporter -->
<testsuite hostname="DESKTOP-2MM0VI7" failures="0" tests="1" name="TestScripts.LaunchApp" time="21.703" errors="0" timestamp="2021-10-26T11:43:31 IST" skipped="0">
  <testcase classname="TestScripts.LaunchApp" name="LaunchApp" time="21.703"/>
  <system-out/>
</testsuite> <!-- TestScripts.LaunchApp -->
