<?xml version="1.0" encoding="UTF-8"?>
<!-- Generated by org.testng.reporters.JUnitReportReporter -->
<testsuite hostname="DESKTOP-2MM0VI7" failures="0" tests="1" name="TestScripts.GenralMarket1" time="44.338" errors="0" timestamp="2021-10-26T09:39:54 IST" skipped="0">
  <testcase classname="TestScripts.GenralMarket1" name="AppDemo" time="44.338"/>
  <system-out/>
</testsuite> <!-- TestScripts.GenralMarket1 -->
