<?xml version="1.0" encoding="UTF-8"?>
<!-- Generated by org.testng.reporters.JUnitReportReporter -->
<testsuite hostname="DESKTOP-2MM0VI7" failures="0" tests="1" name="TestScripts.ReadDataFromPropertyFile" time="0.011" errors="0" timestamp="2021-10-27T09:30:54 IST" skipped="0">
  <testcase classname="TestScripts.ReadDataFromPropertyFile" name="getPropertyKeyValue" time="0.011"/>
  <system-out/>
</testsuite> <!-- TestScripts.ReadDataFromPropertyFile -->
