<?xml version="1.0" encoding="UTF-8"?>
<!-- Generated by org.testng.reporters.JUnitReportReporter -->
<testsuite hostname="DESKTOP-2MM0VI7" failures="0" tests="1" name="com.drivermethods.Android_keyAction" time="57.905" errors="0" timestamp="2021-10-27T20:13:03 IST" skipped="0">
  <testcase classname="com.drivermethods.Android_keyAction" name="AndroidkeyAction" time="57.905"/>
  <system-out/>
</testsuite> <!-- com.drivermethods.Android_keyAction -->
