<?xml version="1.0" encoding="UTF-8"?>
<!-- Generated by org.testng.reporters.JUnitReportReporter -->
<testsuite hostname="DESKTOP-2MM0VI7" failures="0" tests="1" name="TestScripts.Calculator" time="27.767" errors="0" timestamp="2021-10-25T14:29:14 IST" skipped="0">
  <testcase classname="TestScripts.Calculator" name="Calculator" time="27.767"/>
  <system-out/>
</testsuite> <!-- TestScripts.Calculator -->
