<?xml version="1.0" encoding="UTF-8"?>
<!-- Generated by org.testng.reporters.JUnitReportReporter -->
<testsuite hostname="DESKTOP-2MM0VI7" failures="0" tests="1" name="vtigertestscripts.Test2" time="54.912" errors="0" timestamp="2021-11-07T09:26:52 IST" skipped="0">
  <testcase classname="vtigertestscripts.Test2" name="Test3" time="54.912"/>
  <system-out/>
</testsuite> <!-- vtigertestscripts.Test2 -->
