<?xml version="1.0" encoding="UTF-8"?>
<!-- Generated by org.testng.reporters.JUnitReportReporter -->
<testsuite hostname="DESKTOP-2MM0VI7" failures="0" tests="1" name="TestScripts.Sub" time="18.753" errors="0" timestamp="2021-10-25T12:54:15 IST" skipped="0">
  <testcase classname="TestScripts.Sub" name="Calculator" time="18.753"/>
  <system-out/>
</testsuite> <!-- TestScripts.Sub -->
