<?xml version="1.0" encoding="UTF-8"?>
<!-- Generated by org.testng.reporters.JUnitReportReporter -->
<testsuite hostname="DESKTOP-2MM0VI7" failures="0" tests="1" name="TestScripts.ApiDemosScrollbar" time="43.928" errors="0" timestamp="2021-10-26T21:30:56 IST" skipped="0">
  <testcase classname="TestScripts.ApiDemosScrollbar" name="AppDemo1" time="43.928"/>
  <system-out/>
</testsuite> <!-- TestScripts.ApiDemosScrollbar -->
