<?xml version="1.0" encoding="UTF-8"?>
<!-- Generated by org.testng.reporters.JUnitReportReporter -->
<testsuite hostname="DESKTOP-2MM0VI7" failures="0" tests="1" name="TestScripts.AppSwitch" time="18.924" errors="0" timestamp="2021-10-28T11:05:51 IST" skipped="0">
  <testcase classname="TestScripts.AppSwitch" name="GeneralStore" time="18.924"/>
  <system-out/>
</testsuite> <!-- TestScripts.AppSwitch -->
