<?xml version="1.0" encoding="UTF-8"?>
<!-- Generated by org.testng.reporters.JUnitReportReporter -->
<testsuite hostname="DESKTOP-2MM0VI7" failures="0" tests="1" name="TestScripts.Mlt" time="17.020" errors="0" timestamp="2021-10-25T13:00:17 IST" skipped="0">
  <testcase classname="TestScripts.Mlt" name="Calculator" time="17.020"/>
  <system-out/>
</testsuite> <!-- TestScripts.Mlt -->
