<?xml version="1.0" encoding="UTF-8"?>
<!-- Generated by org.testng.reporters.JUnitReportReporter -->
<testsuite hostname="DESKTOP-2MM0VI7" failures="0" tests="1" name="TestScripts.Swipe" time="32.373" errors="0" timestamp="2021-10-27T15:45:44 IST" skipped="0">
  <testcase classname="TestScripts.Swipe" name="touchscreentest" time="32.373"/>
  <system-out/>
</testsuite> <!-- TestScripts.Swipe -->
