<?xml version="1.0" encoding="UTF-8"?>
<!-- Generated by org.testng.reporters.JUnitReportReporter -->
<testsuite hostname="DESKTOP-2MM0VI7" failures="0" tests="1" name="TestScripts.NetworkConnection" time="28.459" errors="0" timestamp="2021-10-28T12:58:34 IST" skipped="0">
  <testcase classname="TestScripts.NetworkConnection" name="NetworkConnection" time="28.459"/>
  <system-out/>
</testsuite> <!-- TestScripts.NetworkConnection -->
