<?xml version="1.0" encoding="UTF-8"?>
<!-- Generated by org.testng.reporters.JUnitReportReporter -->
<testsuite hostname="DESKTOP-2MM0VI7" failures="0" tests="1" name="TestScripts.GenralMarket" time="24.670" errors="0" timestamp="2021-10-26T09:32:42 IST" skipped="0">
  <testcase classname="TestScripts.GenralMarket" name="AppDemo" time="24.670"/>
  <system-out/>
</testsuite> <!-- TestScripts.GenralMarket -->
