<?xml version="1.0" encoding="UTF-8"?>
<!-- Generated by org.testng.reporters.JUnitReportReporter -->
<testsuite hostname="DESKTOP-2MM0VI7" failures="0" tests="1" name="TestScripts.GeneralStoreToastmsg" time="20.649" errors="0" timestamp="2021-10-28T10:46:17 IST" skipped="0">
  <testcase classname="TestScripts.GeneralStoreToastmsg" name="GeneralStore" time="20.649"/>
  <system-out/>
</testsuite> <!-- TestScripts.GeneralStoreToastmsg -->
