<?xml version="1.0" encoding="UTF-8"?>
<!-- Generated by org.testng.reporters.JUnitReportReporter -->
<testsuite hostname="DESKTOP-2MM0VI7" failures="0" tests="1" name="TestScripts.TouchScreenTest" time="18.577" errors="0" timestamp="2021-10-27T11:45:30 IST" skipped="0">
  <testcase classname="TestScripts.TouchScreenTest" name="touchscreentest" time="18.577"/>
  <system-out/>
</testsuite> <!-- TestScripts.TouchScreenTest -->
