<?xml version="1.0" encoding="UTF-8"?>
<!-- Generated by org.testng.reporters.JUnitReportReporter -->
<testsuite hostname="DESKTOP-2MM0VI7" failures="0" tests="1" name="jdbc.ExecuteQuery" time="0.329" errors="0" timestamp="2021-11-03T15:35:57 IST" skipped="0">
  <testcase classname="jdbc.ExecuteQuery" name="ExecuteQuery" time="0.329"/>
  <system-out/>
</testsuite> <!-- jdbc.ExecuteQuery -->
