<?xml version="1.0" encoding="UTF-8"?>
<!-- Generated by org.testng.reporters.JUnitReportReporter -->
<testsuite hostname="DESKTOP-2MM0VI7" failures="0" tests="1" name="TestScripts.SelectValueFromDropDown" time="41.414" errors="0" timestamp="2021-10-26T16:55:49 IST" skipped="0">
  <testcase classname="TestScripts.SelectValueFromDropDown" name="AppDemo" time="41.414"/>
  <system-out/>
</testsuite> <!-- TestScripts.SelectValueFromDropDown -->
