<?xml version="1.0" encoding="UTF-8"?>
<!-- Generated by org.testng.reporters.JUnitReportReporter -->
<testsuite hostname="DESKTOP-2MM0VI7" failures="0" tests="1" name="TestScripts.Notifications" time="25.051" errors="0" timestamp="2021-10-28T20:51:12 IST" skipped="0">
  <testcase classname="TestScripts.Notifications" name="AppDemo" time="25.051"/>
  <system-out/>
</testsuite> <!-- TestScripts.Notifications -->
