<?xml version="1.0" encoding="UTF-8"?>
<!-- Generated by org.testng.reporters.JUnitReportReporter -->
<testsuite hostname="DESKTOP-2MM0VI7" failures="0" tests="1" name="TestScripts.ZoomInZoomOut" time="22.869" errors="0" timestamp="2021-10-28T15:46:34 IST" skipped="0">
  <testcase classname="TestScripts.ZoomInZoomOut" name="ZoomInZoomOut" time="22.869"/>
  <system-out/>
</testsuite> <!-- TestScripts.ZoomInZoomOut -->
