<?xml version="1.0" encoding="UTF-8"?>
<!-- Generated by org.testng.reporters.JUnitReportReporter -->
<testsuite hostname="DESKTOP-2MM0VI7" failures="0" tests="1" name="jdbc.Update" time="0.292" errors="0" timestamp="2021-11-03T15:37:19 IST" skipped="0">
  <testcase classname="jdbc.Update" name="Update" time="0.292"/>
  <system-out/>
</testsuite> <!-- jdbc.Update -->
