<?xml version="1.0" encoding="UTF-8"?>
<!-- Generated by org.testng.reporters.JUnitReportReporter -->
<testsuite hostname="DESKTOP-2MM0VI7" failures="0" tests="1" name="TestScripts.Battery" time="15.346" errors="0" timestamp="2021-10-28T16:59:27 IST" skipped="0">
  <testcase classname="TestScripts.Battery" name="Battery" time="15.346"/>
  <system-out/>
</testsuite> <!-- TestScripts.Battery -->
