<?xml version="1.0" encoding="UTF-8"?>
<!-- Generated by org.testng.reporters.JUnitReportReporter -->
<testsuite hostname="DESKTOP-2MM0VI7" failures="0" tests="1" name="TestScripts.Div" time="20.403" errors="0" timestamp="2021-10-25T13:04:32 IST" skipped="0">
  <testcase classname="TestScripts.Div" name="Calculator" time="20.403"/>
  <system-out/>
</testsuite> <!-- TestScripts.Div -->
