<?xml version="1.0" encoding="UTF-8"?>
<!-- Generated by org.testng.reporters.JUnitReportReporter -->
<testsuite hostname="DESKTOP-2MM0VI7" failures="0" tests="1" name="TestScripts.GeneralStore" time="20.381" errors="0" timestamp="2021-10-28T10:34:46 IST" skipped="0">
  <testcase classname="TestScripts.GeneralStore" name="GeneralStore" time="20.381"/>
  <system-out/>
</testsuite> <!-- TestScripts.GeneralStore -->
