<?xml version="1.0" encoding="UTF-8"?>
<!-- Generated by org.testng.reporters.JUnitReportReporter -->
<testsuite hostname="DESKTOP-2MM0VI7" failures="0" tests="1" name="TestScripts.AppDemo1" time="30.027" errors="0" timestamp="2021-10-26T13:04:17 IST" skipped="0">
  <testcase classname="TestScripts.AppDemo1" name="AppDemo1" time="30.027"/>
  <system-out/>
</testsuite> <!-- TestScripts.AppDemo1 -->
