<?xml version="1.0" encoding="UTF-8"?>
<!-- Generated by org.testng.reporters.JUnitReportReporter -->
<testsuite hostname="DESKTOP-2MM0VI7" failures="0" tests="1" name="TestScripts.Orientation" time="22.019" errors="0" timestamp="2021-10-27T20:07:01 IST" skipped="0">
  <testcase classname="TestScripts.Orientation" name="OrientationMode" time="22.019"/>
  <system-out/>
</testsuite> <!-- TestScripts.Orientation -->
