<?xml version="1.0" encoding="UTF-8"?>
<!-- Generated by org.testng.reporters.JUnitReportReporter -->
<testsuite hostname="DESKTOP-2MM0VI7" failures="0" tests="1" name="TestScripts.AppDemo" time="25.107" errors="0" timestamp="2021-10-26T07:00:37 IST" skipped="0">
  <testcase classname="TestScripts.AppDemo" name="AppDemo" time="25.107"/>
  <system-out/>
</testsuite> <!-- TestScripts.AppDemo -->
