<?xml version="1.0" encoding="UTF-8"?>
<!-- Generated by org.testng.reporters.JUnitReportReporter -->
<testsuite hostname="DESKTOP-2MM0VI7" failures="0" tests="1" name="gitpractice.ReadDataFromCmd" time="0.018" errors="0" timestamp="2021-11-12T13:01:50 IST" skipped="0">
  <testcase classname="gitpractice.ReadDataFromCmd" name="readData" time="0.018"/>
  <system-out/>
</testsuite> <!-- gitpractice.ReadDataFromCmd -->
