<?xml version="1.0" encoding="UTF-8"?>
<!-- Generated by org.testng.reporters.JUnitReportReporter -->
<testsuite hostname="DESKTOP-2MM0VI7" failures="0" tests="1" name="gitpractice.Test1" time="0.012" errors="0" timestamp="2021-11-12T13:02:03 IST" skipped="0">
  <testcase classname="gitpractice.Test1" name="test1" time="0.012"/>
  <system-out/>
</testsuite> <!-- gitpractice.Test1 -->
