<?xml version="1.0" encoding="UTF-8"?>
<!-- Generated by org.testng.reporters.JUnitReportReporter -->
<testsuite hostname="DESKTOP-2MM0VI7" failures="0" tests="1" name="gitpractice.Git_Practice" time="0.010" errors="0" timestamp="2021-11-11T12:13:29 IST" skipped="0">
  <testcase classname="gitpractice.Git_Practice" name="test1" time="0.010"/>
  <system-out/>
</testsuite> <!-- gitpractice.Git_Practice -->
